{
  "RSpec": {
    "coverage": {
      "/Users/Kel/Documents/dev/git/wildlife/app/helpers/application_helper.rb": [
        1,
        null
      ],
      "/Users/Kel/Documents/dev/git/wildlife/app/controllers/locations_controller.rb": [
        1,
        null,
        1,
        3,
        3,
        null,
        null,
        1,
        3,
        3,
        null,
        null,
        1,
        3,
        3,
        3,
        null,
        null,
        null
      ],
      "/Users/Kel/Documents/dev/git/wildlife/app/controllers/application_controller.rb": [
        1,
        null,
        null,
        1,
        null
      ],
      "/Users/Kel/Documents/dev/git/wildlife/app/controllers/species_controller.rb": [
        1,
        null,
        1,
        3,
        3,
        null,
        null,
        1,
        3,
        3,
        null,
        null,
        null
      ],
      "/Users/Kel/Documents/dev/git/wildlife/app/models/location.rb": [
        1,
        1,
        1,
        null,
        1,
        1,
        null
      ],
      "/Users/Kel/Documents/dev/git/wildlife/app/models/species_location.rb": [
        1,
        1,
        1,
        null
      ],
      "/Users/Kel/Documents/dev/git/wildlife/app/models/species.rb": [
        1,
        1,
        1,
        1,
        null,
        1,
        1,
        null
      ]
    },
    "timestamp": 1438206941
  }
}
